<?xml version="1.0" encoding="UTF-8"?>
<testsuites name="test suite passant non passant inscription" time="51" tests="5" failures="0" errors="0">
   <testsuite name="test suite passant non passant inscription" tests="5" failures="0" errors="0" time="51" timestamp="2019-05-23 17:21:49" hostname="User - 192.168.1.90" id="Test Suites/test suite passant non passant inscription">
      <properties>
         <property name="deviceName" value=""/>
         <property name="devicePlatform" value=""/>
         <property name="logFolder" value="C:\\Users\\User\\Katalon Studio\\projet EFTL\\Reports\\test suite passant non passant inscription\\20190523_172147"/>
         <property name="logFiles" value="C:\\Users\\User\\Katalon Studio\\projet EFTL\\Reports\\test suite passant non passant inscription\\20190523_172147\\execution0.log"/>
         <property name="attachments" value="C:\\Users\\User\\Katalon Studio\\projet EFTL\\Reports\\test suite passant non passant inscription\\20190523_172147\\1558624920388.png, C:\\Users\\User\\Katalon Studio\\projet EFTL\\Reports\\test suite passant non passant inscription\\20190523_172147\\1558624930198.png, C:\\Users\\User\\Katalon Studio\\projet EFTL\\Reports\\test suite passant non passant inscription\\20190523_172147\\1558624940680.png, C:\\Users\\User\\Katalon Studio\\projet EFTL\\Reports\\test suite passant non passant inscription\\20190523_172147\\1558624949778.png"/>
         <property name="hostName" value="User - 192.168.1.90"/>
         <property name="os" value="Windows 10 32bit"/>
         <property name="katalonVersion" value="6.0.5.10"/>
         <property name="browser" value="Firefox 66.0"/>
         <property name="hostAddress" value="192.168.1.90"/>
         <property name="sessionId" value="6e163258-88ae-47d0-898a-9dfd77977a6a"/>
         <property name="seleniumVersion" value="3.7.1"/>
         <property name="proxyInformation" value="ProxyInformation{proxyOption=NO_PROXY, proxyServerType=HTTP, password=, proxyServerAddress=, proxyServerPort=0}"/>
         <property name="platform" value="Windows 10"/>
      </properties>
      <testcase name="Test Cases/demowebshop npassant email manquant" classname="Test Cases/demowebshop npassant email manquant" status="PASSED">
         <system-out><![CDATA[2019-05-23 17:21:50 - [TEST_CASE][PASSED] - Test Cases/demowebshop npassant email manquant: Test Cases/demowebshop npassant email manquant

2019-05-23 17:21:50 - [TEST_STEP][PASSED] - rand = new java.util.Random(): null

2019-05-23 17:21:50 - [TEST_STEP][PASSED] - min = 10: null

2019-05-23 17:21:50 - [TEST_STEP][PASSED] - max = 200: null

2019-05-23 17:21:50 - [TEST_STEP][PASSED] - result = rand.nextFloat() * max - min + min: null

2019-05-23 17:21:50 - [TEST_STEP][PASSED] - println(result): null

2019-05-23 17:21:50 - [TEST_STEP][PASSED] - openBrowser(""): Browser is opened with url: ''

2019-05-23 17:21:50 - [MESSAGE][INFO] - Starting 'Firefox' driver

2019-05-23 17:21:50 - [MESSAGE][INFO] - Action delay is set to 0 seconds

2019-05-23 17:21:56 - [MESSAGE][PASSED] - Browser is opened with url: ''

2019-05-23 17:21:56 - [TEST_STEP][PASSED] - navigateToUrl("http://demowebshop.tricentis.com/"): Navigate to 'http://demowebshop.tricentis.com/' successfully

2019-05-23 17:21:58 - [MESSAGE][PASSED] - Navigate to 'http://demowebshop.tricentis.com/' successfully

2019-05-23 17:21:58 - [TEST_STEP][PASSED] - click(findTestObject("Object Repository/Page_Demo Web Shop/a_Register")): Object: 'Object Repository/Page_Demo Web Shop/a_Register' is clicked on

2019-05-23 17:21:58 - [MESSAGE][PASSED] - Object: 'Object Repository/Page_Demo Web Shop/a_Register' is clicked on

2019-05-23 17:21:58 - [TEST_STEP][PASSED] - click(findTestObject("Object Repository/Page_Demo Web Shop. Register/input_Gender_Gender (1)")): Object: 'Object Repository/Page_Demo Web Shop. Register/input_Gender_Gender (1)' is clicked on

2019-05-23 17:21:58 - [MESSAGE][PASSED] - Object: 'Object Repository/Page_Demo Web Shop. Register/input_Gender_Gender (1)' is clicked on

2019-05-23 17:21:58 - [TEST_STEP][PASSED] - click(findTestObject("Object Repository/Page_Demo Web Shop. Register/input_Male_Gender (1)")): Object: 'Object Repository/Page_Demo Web Shop. Register/input_Male_Gender (1)' is clicked on

2019-05-23 17:21:59 - [MESSAGE][PASSED] - Object: 'Object Repository/Page_Demo Web Shop. Register/input_Male_Gender (1)' is clicked on

2019-05-23 17:21:59 - [TEST_STEP][PASSED] - setText(findTestObject("Object Repository/Page_Demo Web Shop. Register/input_First name_FirstName (1)"), findTestData("test").getValue(1, 1)): Text 'khaleesie' is set on object 'Object Repository/Page_Demo Web Shop. Register/input_First name_FirstName (1)'

2019-05-23 17:21:59 - [MESSAGE][PASSED] - Text 'khaleesie' is set on object 'Object Repository/Page_Demo Web Shop. Register/input_First name_FirstName (1)'

2019-05-23 17:21:59 - [TEST_STEP][PASSED] - setText(findTestObject("Object Repository/Page_Demo Web Shop. Register/input_Last name_LastName (1)"), findTestData("test").getValue(1, 2)): Text 'dragonmother' is set on object 'Object Repository/Page_Demo Web Shop. Register/input_Last name_LastName (1)'

2019-05-23 17:21:59 - [MESSAGE][PASSED] - Text 'dragonmother' is set on object 'Object Repository/Page_Demo Web Shop. Register/input_Last name_LastName (1)'

2019-05-23 17:21:59 - [TEST_STEP][PASSED] - setText(findTestObject("Page_Demo Web Shop. Register/input_Email_Email (1)"), ""): Text '' is set on object 'Object Repository/Page_Demo Web Shop. Register/input_Email_Email (1)'

2019-05-23 17:21:59 - [MESSAGE][PASSED] - Text '' is set on object 'Object Repository/Page_Demo Web Shop. Register/input_Email_Email (1)'

2019-05-23 17:21:59 - [TEST_STEP][PASSED] - setEncryptedText(findTestObject("Object Repository/Page_Demo Web Shop. Register/input_Password_Password (1)"), "DnK1SUDm1noeoE8V9MLX/Q=="): Text ****** has been set on object 'Object Repository/Page_Demo Web Shop. Register/input_Password_Password (1)'

2019-05-23 17:22:00 - [MESSAGE][PASSED] - Text ****** has been set on object 'Object Repository/Page_Demo Web Shop. Register/input_Password_Password (1)'

2019-05-23 17:22:00 - [TEST_STEP][PASSED] - setEncryptedText(findTestObject("Object Repository/Page_Demo Web Shop. Register/input_Confirm password_ConfirmPassword (1)"), "DnK1SUDm1noeoE8V9MLX/Q=="): Text ****** has been set on object 'Object Repository/Page_Demo Web Shop. Register/input_Confirm password_ConfirmPassword (1)'

2019-05-23 17:22:00 - [MESSAGE][PASSED] - Text ****** has been set on object 'Object Repository/Page_Demo Web Shop. Register/input_Confirm password_ConfirmPassword (1)'

2019-05-23 17:22:00 - [TEST_STEP][PASSED] - click(findTestObject("Object Repository/Page_Demo Web Shop. Register/input__register-button")): Object: 'Object Repository/Page_Demo Web Shop. Register/input__register-button' is clicked on

2019-05-23 17:22:00 - [MESSAGE][PASSED] - Object: 'Object Repository/Page_Demo Web Shop. Register/input__register-button' is clicked on

2019-05-23 17:22:00 - [TEST_STEP][PASSED] - takeScreenshot(): Taking screenshot successfully

2019-05-23 17:22:00 - [MESSAGE][PASSED] - Taking screenshot successfully
[[ATTACHMENT|C:\\Users\\User\\Katalon Studio\\projet EFTL\\Reports\\test suite passant non passant inscription\\20190523_172147\\1558624920388.png]]

2019-05-23 17:22:00 - [TEST_STEP][PASSED] - closeBrowser(): Browser is closed

2019-05-23 17:22:02 - [MESSAGE][PASSED] - Browser is closed]]></system-out>
         <system-err><![CDATA[]]></system-err>
      </testcase>
      <testcase name="Test Cases/demowebshop npassant mdp manquant" classname="Test Cases/demowebshop npassant mdp manquant" status="PASSED">
         <system-out><![CDATA[2019-05-23 17:22:02 - [TEST_CASE][PASSED] - Test Cases/demowebshop npassant mdp manquant: Test Cases/demowebshop npassant mdp manquant

2019-05-23 17:22:02 - [TEST_STEP][PASSED] - rand = new java.util.Random(): null

2019-05-23 17:22:02 - [TEST_STEP][PASSED] - min = 10: null

2019-05-23 17:22:02 - [TEST_STEP][PASSED] - max = 200: null

2019-05-23 17:22:02 - [TEST_STEP][PASSED] - result = rand.nextFloat() * max - min + min: null

2019-05-23 17:22:02 - [TEST_STEP][PASSED] - println(result): null

2019-05-23 17:22:02 - [TEST_STEP][PASSED] - openBrowser(""): Browser is opened with url: ''

2019-05-23 17:22:02 - [MESSAGE][INFO] - Starting 'Firefox' driver

2019-05-23 17:22:07 - [MESSAGE][PASSED] - Browser is opened with url: ''

2019-05-23 17:22:07 - [TEST_STEP][PASSED] - navigateToUrl("http://demowebshop.tricentis.com/"): Navigate to 'http://demowebshop.tricentis.com/' successfully

2019-05-23 17:22:08 - [MESSAGE][PASSED] - Navigate to 'http://demowebshop.tricentis.com/' successfully

2019-05-23 17:22:08 - [TEST_STEP][PASSED] - click(findTestObject("Object Repository/Page_Demo Web Shop/a_Register")): Object: 'Object Repository/Page_Demo Web Shop/a_Register' is clicked on

2019-05-23 17:22:09 - [MESSAGE][PASSED] - Object: 'Object Repository/Page_Demo Web Shop/a_Register' is clicked on

2019-05-23 17:22:09 - [TEST_STEP][PASSED] - click(findTestObject("Object Repository/Page_Demo Web Shop. Register/input_Gender_Gender (1)")): Object: 'Object Repository/Page_Demo Web Shop. Register/input_Gender_Gender (1)' is clicked on

2019-05-23 17:22:09 - [MESSAGE][PASSED] - Object: 'Object Repository/Page_Demo Web Shop. Register/input_Gender_Gender (1)' is clicked on

2019-05-23 17:22:09 - [TEST_STEP][PASSED] - click(findTestObject("Object Repository/Page_Demo Web Shop. Register/input_Male_Gender (1)")): Object: 'Object Repository/Page_Demo Web Shop. Register/input_Male_Gender (1)' is clicked on

2019-05-23 17:22:09 - [MESSAGE][PASSED] - Object: 'Object Repository/Page_Demo Web Shop. Register/input_Male_Gender (1)' is clicked on

2019-05-23 17:22:09 - [TEST_STEP][PASSED] - setText(findTestObject("Object Repository/Page_Demo Web Shop. Register/input_First name_FirstName (1)"), findTestData("test").getValue(1, 1)): Text 'khaleesie' is set on object 'Object Repository/Page_Demo Web Shop. Register/input_First name_FirstName (1)'

2019-05-23 17:22:09 - [MESSAGE][PASSED] - Text 'khaleesie' is set on object 'Object Repository/Page_Demo Web Shop. Register/input_First name_FirstName (1)'

2019-05-23 17:22:09 - [TEST_STEP][PASSED] - setText(findTestObject("Object Repository/Page_Demo Web Shop. Register/input_Last name_LastName (1)"), findTestData("test").getValue(1, 2)): Text 'dragonmother' is set on object 'Object Repository/Page_Demo Web Shop. Register/input_Last name_LastName (1)'

2019-05-23 17:22:09 - [MESSAGE][PASSED] - Text 'dragonmother' is set on object 'Object Repository/Page_Demo Web Shop. Register/input_Last name_LastName (1)'

2019-05-23 17:22:09 - [TEST_STEP][PASSED] - setText(findTestObject("Page_Demo Web Shop. Register/input_Email_Email (1)"), result + "@yopmail.com"): Text '131@yopmail.com' is set on object 'Object Repository/Page_Demo Web Shop. Register/input_Email_Email (1)'

2019-05-23 17:22:09 - [MESSAGE][PASSED] - Text '131@yopmail.com' is set on object 'Object Repository/Page_Demo Web Shop. Register/input_Email_Email (1)'

2019-05-23 17:22:09 - [TEST_STEP][PASSED] - setEncryptedText(findTestObject("Object Repository/Page_Demo Web Shop. Register/input_Confirm password_ConfirmPassword (1)"), "DnK1SUDm1noeoE8V9MLX/Q=="): Text ****** has been set on object 'Object Repository/Page_Demo Web Shop. Register/input_Confirm password_ConfirmPassword (1)'

2019-05-23 17:22:09 - [MESSAGE][PASSED] - Text ****** has been set on object 'Object Repository/Page_Demo Web Shop. Register/input_Confirm password_ConfirmPassword (1)'

2019-05-23 17:22:09 - [TEST_STEP][PASSED] - click(findTestObject("Object Repository/Page_Demo Web Shop. Register/input__register-button")): Object: 'Object Repository/Page_Demo Web Shop. Register/input__register-button' is clicked on

2019-05-23 17:22:10 - [MESSAGE][PASSED] - Object: 'Object Repository/Page_Demo Web Shop. Register/input__register-button' is clicked on

2019-05-23 17:22:10 - [TEST_STEP][PASSED] - takeScreenshot(): Taking screenshot successfully

2019-05-23 17:22:10 - [MESSAGE][PASSED] - Taking screenshot successfully
[[ATTACHMENT|C:\\Users\\User\\Katalon Studio\\projet EFTL\\Reports\\test suite passant non passant inscription\\20190523_172147\\1558624930198.png]]

2019-05-23 17:22:10 - [TEST_STEP][PASSED] - closeBrowser(): Browser is closed

2019-05-23 17:22:12 - [MESSAGE][PASSED] - Browser is closed]]></system-out>
         <system-err><![CDATA[]]></system-err>
      </testcase>
      <testcase name="Test Cases/demowebshop npassant nom manquant" classname="Test Cases/demowebshop npassant nom manquant" status="PASSED">
         <system-out><![CDATA[2019-05-23 17:22:12 - [TEST_CASE][PASSED] - Test Cases/demowebshop npassant nom manquant: Test Cases/demowebshop npassant nom manquant

2019-05-23 17:22:13 - [TEST_STEP][PASSED] - rand = new java.util.Random(): null

2019-05-23 17:22:13 - [TEST_STEP][PASSED] - min = 10: null

2019-05-23 17:22:13 - [TEST_STEP][PASSED] - max = 200: null

2019-05-23 17:22:13 - [TEST_STEP][PASSED] - result = rand.nextFloat() * max - min + min: null

2019-05-23 17:22:13 - [TEST_STEP][PASSED] - println(result): null

2019-05-23 17:22:13 - [TEST_STEP][PASSED] - openBrowser(""): Browser is opened with url: ''

2019-05-23 17:22:13 - [MESSAGE][INFO] - Starting 'Firefox' driver

2019-05-23 17:22:17 - [MESSAGE][PASSED] - Browser is opened with url: ''

2019-05-23 17:22:17 - [TEST_STEP][PASSED] - navigateToUrl("http://demowebshop.tricentis.com/"): Navigate to 'http://demowebshop.tricentis.com/' successfully

2019-05-23 17:22:19 - [MESSAGE][PASSED] - Navigate to 'http://demowebshop.tricentis.com/' successfully

2019-05-23 17:22:19 - [TEST_STEP][PASSED] - click(findTestObject("Object Repository/Page_Demo Web Shop/a_Register")): Object: 'Object Repository/Page_Demo Web Shop/a_Register' is clicked on

2019-05-23 17:22:19 - [MESSAGE][PASSED] - Object: 'Object Repository/Page_Demo Web Shop/a_Register' is clicked on

2019-05-23 17:22:19 - [TEST_STEP][PASSED] - click(findTestObject("Object Repository/Page_Demo Web Shop. Register/input_Gender_Gender (1)")): Object: 'Object Repository/Page_Demo Web Shop. Register/input_Gender_Gender (1)' is clicked on

2019-05-23 17:22:19 - [MESSAGE][PASSED] - Object: 'Object Repository/Page_Demo Web Shop. Register/input_Gender_Gender (1)' is clicked on

2019-05-23 17:22:19 - [TEST_STEP][PASSED] - click(findTestObject("Object Repository/Page_Demo Web Shop. Register/input_Male_Gender (1)")): Object: 'Object Repository/Page_Demo Web Shop. Register/input_Male_Gender (1)' is clicked on

2019-05-23 17:22:20 - [MESSAGE][PASSED] - Object: 'Object Repository/Page_Demo Web Shop. Register/input_Male_Gender (1)' is clicked on

2019-05-23 17:22:20 - [TEST_STEP][PASSED] - setText(findTestObject("Object Repository/Page_Demo Web Shop. Register/input_First name_FirstName (1)"), ""): Text '' is set on object 'Object Repository/Page_Demo Web Shop. Register/input_First name_FirstName (1)'

2019-05-23 17:22:20 - [MESSAGE][PASSED] - Text '' is set on object 'Object Repository/Page_Demo Web Shop. Register/input_First name_FirstName (1)'

2019-05-23 17:22:20 - [TEST_STEP][PASSED] - setText(findTestObject("Object Repository/Page_Demo Web Shop. Register/input_Last name_LastName (1)"), findTestData("test").getValue(1, 2)): Text 'dragonmother' is set on object 'Object Repository/Page_Demo Web Shop. Register/input_Last name_LastName (1)'

2019-05-23 17:22:20 - [MESSAGE][PASSED] - Text 'dragonmother' is set on object 'Object Repository/Page_Demo Web Shop. Register/input_Last name_LastName (1)'

2019-05-23 17:22:20 - [TEST_STEP][PASSED] - setText(findTestObject("Page_Demo Web Shop. Register/input_Email_Email (1)"), result + "@yopmail.com"): Text '89@yopmail.com' is set on object 'Object Repository/Page_Demo Web Shop. Register/input_Email_Email (1)'

2019-05-23 17:22:20 - [MESSAGE][PASSED] - Text '89@yopmail.com' is set on object 'Object Repository/Page_Demo Web Shop. Register/input_Email_Email (1)'

2019-05-23 17:22:20 - [TEST_STEP][PASSED] - setEncryptedText(findTestObject("Object Repository/Page_Demo Web Shop. Register/input_Password_Password (1)"), "DnK1SUDm1noeoE8V9MLX/Q=="): Text ****** has been set on object 'Object Repository/Page_Demo Web Shop. Register/input_Password_Password (1)'

2019-05-23 17:22:20 - [MESSAGE][PASSED] - Text ****** has been set on object 'Object Repository/Page_Demo Web Shop. Register/input_Password_Password (1)'

2019-05-23 17:22:20 - [TEST_STEP][PASSED] - setEncryptedText(findTestObject("Object Repository/Page_Demo Web Shop. Register/input_Confirm password_ConfirmPassword (1)"), "DnK1SUDm1noeoE8V9MLX/Q=="): Text ****** has been set on object 'Object Repository/Page_Demo Web Shop. Register/input_Confirm password_ConfirmPassword (1)'

2019-05-23 17:22:20 - [MESSAGE][PASSED] - Text ****** has been set on object 'Object Repository/Page_Demo Web Shop. Register/input_Confirm password_ConfirmPassword (1)'

2019-05-23 17:22:20 - [TEST_STEP][PASSED] - click(findTestObject("Object Repository/Page_Demo Web Shop. Register/input__register-button")): Object: 'Object Repository/Page_Demo Web Shop. Register/input__register-button' is clicked on

2019-05-23 17:22:20 - [MESSAGE][PASSED] - Object: 'Object Repository/Page_Demo Web Shop. Register/input__register-button' is clicked on

2019-05-23 17:22:20 - [TEST_STEP][PASSED] - takeScreenshot(): Taking screenshot successfully

2019-05-23 17:22:20 - [MESSAGE][PASSED] - Taking screenshot successfully
[[ATTACHMENT|C:\\Users\\User\\Katalon Studio\\projet EFTL\\Reports\\test suite passant non passant inscription\\20190523_172147\\1558624940680.png]]

2019-05-23 17:22:20 - [TEST_STEP][PASSED] - closeBrowser(): Browser is closed

2019-05-23 17:22:22 - [MESSAGE][PASSED] - Browser is closed]]></system-out>
         <system-err><![CDATA[]]></system-err>
      </testcase>
      <testcase name="Test Cases/demowebshop npassant prenom manquant" classname="Test Cases/demowebshop npassant prenom manquant" status="PASSED">
         <system-out><![CDATA[2019-05-23 17:22:22 - [TEST_CASE][PASSED] - Test Cases/demowebshop npassant prenom manquant: Test Cases/demowebshop npassant prenom manquant

2019-05-23 17:22:22 - [TEST_STEP][PASSED] - rand = new java.util.Random(): null

2019-05-23 17:22:22 - [TEST_STEP][PASSED] - min = 10: null

2019-05-23 17:22:22 - [TEST_STEP][PASSED] - max = 200: null

2019-05-23 17:22:22 - [TEST_STEP][PASSED] - result = rand.nextFloat() * max - min + min: null

2019-05-23 17:22:22 - [TEST_STEP][PASSED] - println(result): null

2019-05-23 17:22:22 - [TEST_STEP][PASSED] - openBrowser(""): Browser is opened with url: ''

2019-05-23 17:22:22 - [MESSAGE][INFO] - Starting 'Firefox' driver

2019-05-23 17:22:26 - [MESSAGE][PASSED] - Browser is opened with url: ''

2019-05-23 17:22:26 - [TEST_STEP][PASSED] - navigateToUrl("http://demowebshop.tricentis.com/"): Navigate to 'http://demowebshop.tricentis.com/' successfully

2019-05-23 17:22:28 - [MESSAGE][PASSED] - Navigate to 'http://demowebshop.tricentis.com/' successfully

2019-05-23 17:22:28 - [TEST_STEP][PASSED] - click(findTestObject("Object Repository/Page_Demo Web Shop/a_Register")): Object: 'Object Repository/Page_Demo Web Shop/a_Register' is clicked on

2019-05-23 17:22:28 - [MESSAGE][PASSED] - Object: 'Object Repository/Page_Demo Web Shop/a_Register' is clicked on

2019-05-23 17:22:28 - [TEST_STEP][PASSED] - click(findTestObject("Object Repository/Page_Demo Web Shop. Register/input_Gender_Gender (1)")): Object: 'Object Repository/Page_Demo Web Shop. Register/input_Gender_Gender (1)' is clicked on

2019-05-23 17:22:29 - [MESSAGE][PASSED] - Object: 'Object Repository/Page_Demo Web Shop. Register/input_Gender_Gender (1)' is clicked on

2019-05-23 17:22:29 - [TEST_STEP][PASSED] - click(findTestObject("Object Repository/Page_Demo Web Shop. Register/input_Male_Gender (1)")): Object: 'Object Repository/Page_Demo Web Shop. Register/input_Male_Gender (1)' is clicked on

2019-05-23 17:22:29 - [MESSAGE][PASSED] - Object: 'Object Repository/Page_Demo Web Shop. Register/input_Male_Gender (1)' is clicked on

2019-05-23 17:22:29 - [TEST_STEP][PASSED] - setText(findTestObject("Object Repository/Page_Demo Web Shop. Register/input_First name_FirstName (1)"), findTestData("test").getValue(1, 1)): Text 'khaleesie' is set on object 'Object Repository/Page_Demo Web Shop. Register/input_First name_FirstName (1)'

2019-05-23 17:22:29 - [MESSAGE][PASSED] - Text 'khaleesie' is set on object 'Object Repository/Page_Demo Web Shop. Register/input_First name_FirstName (1)'

2019-05-23 17:22:29 - [TEST_STEP][PASSED] - setText(findTestObject("Object Repository/Page_Demo Web Shop. Register/input_Last name_LastName (1)"), ""): Text '' is set on object 'Object Repository/Page_Demo Web Shop. Register/input_Last name_LastName (1)'

2019-05-23 17:22:29 - [MESSAGE][PASSED] - Text '' is set on object 'Object Repository/Page_Demo Web Shop. Register/input_Last name_LastName (1)'

2019-05-23 17:22:29 - [TEST_STEP][PASSED] - setText(findTestObject("Page_Demo Web Shop. Register/input_Email_Email (1)"), result + "@yopmail.com"): Text '26@yopmail.com' is set on object 'Object Repository/Page_Demo Web Shop. Register/input_Email_Email (1)'

2019-05-23 17:22:29 - [MESSAGE][PASSED] - Text '26@yopmail.com' is set on object 'Object Repository/Page_Demo Web Shop. Register/input_Email_Email (1)'

2019-05-23 17:22:29 - [TEST_STEP][PASSED] - setEncryptedText(findTestObject("Object Repository/Page_Demo Web Shop. Register/input_Password_Password (1)"), "DnK1SUDm1noeoE8V9MLX/Q=="): Text ****** has been set on object 'Object Repository/Page_Demo Web Shop. Register/input_Password_Password (1)'

2019-05-23 17:22:29 - [MESSAGE][PASSED] - Text ****** has been set on object 'Object Repository/Page_Demo Web Shop. Register/input_Password_Password (1)'

2019-05-23 17:22:29 - [TEST_STEP][PASSED] - setEncryptedText(findTestObject("Object Repository/Page_Demo Web Shop. Register/input_Confirm password_ConfirmPassword (1)"), "DnK1SUDm1noeoE8V9MLX/Q=="): Text ****** has been set on object 'Object Repository/Page_Demo Web Shop. Register/input_Confirm password_ConfirmPassword (1)'

2019-05-23 17:22:29 - [MESSAGE][PASSED] - Text ****** has been set on object 'Object Repository/Page_Demo Web Shop. Register/input_Confirm password_ConfirmPassword (1)'

2019-05-23 17:22:29 - [TEST_STEP][PASSED] - click(findTestObject("Object Repository/Page_Demo Web Shop. Register/input__register-button")): Object: 'Object Repository/Page_Demo Web Shop. Register/input__register-button' is clicked on

2019-05-23 17:22:29 - [MESSAGE][PASSED] - Object: 'Object Repository/Page_Demo Web Shop. Register/input__register-button' is clicked on

2019-05-23 17:22:29 - [TEST_STEP][PASSED] - takeScreenshot(): Taking screenshot successfully

2019-05-23 17:22:29 - [MESSAGE][PASSED] - Taking screenshot successfully
[[ATTACHMENT|C:\\Users\\User\\Katalon Studio\\projet EFTL\\Reports\\test suite passant non passant inscription\\20190523_172147\\1558624949778.png]]

2019-05-23 17:22:29 - [TEST_STEP][PASSED] - closeBrowser(): Browser is closed

2019-05-23 17:22:32 - [MESSAGE][PASSED] - Browser is closed]]></system-out>
         <system-err><![CDATA[]]></system-err>
      </testcase>
      <testcase name="Test Cases/demowebshop test passant inscription" classname="Test Cases/demowebshop test passant inscription" status="PASSED">
         <system-out><![CDATA[2019-05-23 17:22:32 - [TEST_CASE][PASSED] - Test Cases/demowebshop test passant inscription: Test Cases/demowebshop test passant inscription

2019-05-23 17:22:32 - [TEST_STEP][PASSED] - rand = new java.util.Random(): null

2019-05-23 17:22:32 - [TEST_STEP][PASSED] - min = 10: null

2019-05-23 17:22:32 - [TEST_STEP][PASSED] - max = 200: null

2019-05-23 17:22:32 - [TEST_STEP][PASSED] - result = rand.nextFloat() * max - min + min: null

2019-05-23 17:22:32 - [TEST_STEP][PASSED] - println(result): null

2019-05-23 17:22:32 - [TEST_STEP][PASSED] - openBrowser(""): Browser is opened with url: ''

2019-05-23 17:22:32 - [MESSAGE][INFO] - Starting 'Firefox' driver

2019-05-23 17:22:36 - [MESSAGE][PASSED] - Browser is opened with url: ''

2019-05-23 17:22:36 - [TEST_STEP][PASSED] - navigateToUrl("http://demowebshop.tricentis.com/"): Navigate to 'http://demowebshop.tricentis.com/' successfully

2019-05-23 17:22:37 - [MESSAGE][PASSED] - Navigate to 'http://demowebshop.tricentis.com/' successfully

2019-05-23 17:22:37 - [TEST_STEP][PASSED] - click(findTestObject("Object Repository/Page_Demo Web Shop/a_Register")): Object: 'Object Repository/Page_Demo Web Shop/a_Register' is clicked on

2019-05-23 17:22:38 - [MESSAGE][PASSED] - Object: 'Object Repository/Page_Demo Web Shop/a_Register' is clicked on

2019-05-23 17:22:38 - [TEST_STEP][PASSED] - click(findTestObject("Object Repository/Page_Demo Web Shop. Register/input_Gender_Gender (1)")): Object: 'Object Repository/Page_Demo Web Shop. Register/input_Gender_Gender (1)' is clicked on

2019-05-23 17:22:38 - [MESSAGE][PASSED] - Object: 'Object Repository/Page_Demo Web Shop. Register/input_Gender_Gender (1)' is clicked on

2019-05-23 17:22:38 - [TEST_STEP][PASSED] - click(findTestObject("Object Repository/Page_Demo Web Shop. Register/input_Male_Gender (1)")): Object: 'Object Repository/Page_Demo Web Shop. Register/input_Male_Gender (1)' is clicked on

2019-05-23 17:22:38 - [MESSAGE][PASSED] - Object: 'Object Repository/Page_Demo Web Shop. Register/input_Male_Gender (1)' is clicked on

2019-05-23 17:22:38 - [TEST_STEP][PASSED] - setText(findTestObject("Object Repository/Page_Demo Web Shop. Register/input_First name_FirstName (1)"), findTestData("test").getValue(1, 1)): Text 'khaleesie' is set on object 'Object Repository/Page_Demo Web Shop. Register/input_First name_FirstName (1)'

2019-05-23 17:22:38 - [MESSAGE][PASSED] - Text 'khaleesie' is set on object 'Object Repository/Page_Demo Web Shop. Register/input_First name_FirstName (1)'

2019-05-23 17:22:38 - [TEST_STEP][PASSED] - setText(findTestObject("Object Repository/Page_Demo Web Shop. Register/input_Last name_LastName (1)"), findTestData("test").getValue(1, 2)): Text 'dragonmother' is set on object 'Object Repository/Page_Demo Web Shop. Register/input_Last name_LastName (1)'

2019-05-23 17:22:39 - [MESSAGE][PASSED] - Text 'dragonmother' is set on object 'Object Repository/Page_Demo Web Shop. Register/input_Last name_LastName (1)'

2019-05-23 17:22:39 - [TEST_STEP][PASSED] - setText(findTestObject("Page_Demo Web Shop. Register/input_Email_Email (1)"), result + "@yopmail.com"): Text '147@yopmail.com' is set on object 'Object Repository/Page_Demo Web Shop. Register/input_Email_Email (1)'

2019-05-23 17:22:39 - [MESSAGE][PASSED] - Text '147@yopmail.com' is set on object 'Object Repository/Page_Demo Web Shop. Register/input_Email_Email (1)'

2019-05-23 17:22:39 - [TEST_STEP][PASSED] - setEncryptedText(findTestObject("Object Repository/Page_Demo Web Shop. Register/input_Password_Password (1)"), "DnK1SUDm1noeoE8V9MLX/Q=="): Text ****** has been set on object 'Object Repository/Page_Demo Web Shop. Register/input_Password_Password (1)'

2019-05-23 17:22:39 - [MESSAGE][PASSED] - Text ****** has been set on object 'Object Repository/Page_Demo Web Shop. Register/input_Password_Password (1)'

2019-05-23 17:22:39 - [TEST_STEP][PASSED] - setEncryptedText(findTestObject("Object Repository/Page_Demo Web Shop. Register/input_Confirm password_ConfirmPassword (1)"), "DnK1SUDm1noeoE8V9MLX/Q=="): Text ****** has been set on object 'Object Repository/Page_Demo Web Shop. Register/input_Confirm password_ConfirmPassword (1)'

2019-05-23 17:22:39 - [MESSAGE][PASSED] - Text ****** has been set on object 'Object Repository/Page_Demo Web Shop. Register/input_Confirm password_ConfirmPassword (1)'

2019-05-23 17:22:39 - [TEST_STEP][PASSED] - click(findTestObject("Object Repository/Page_Demo Web Shop. Register/input__register-button")): Object: 'Object Repository/Page_Demo Web Shop. Register/input__register-button' is clicked on

2019-05-23 17:22:40 - [MESSAGE][PASSED] - Object: 'Object Repository/Page_Demo Web Shop. Register/input__register-button' is clicked on

2019-05-23 17:22:40 - [TEST_STEP][PASSED] - closeBrowser(): Browser is closed

2019-05-23 17:22:41 - [MESSAGE][PASSED] - Browser is closed]]></system-out>
         <system-err><![CDATA[]]></system-err>
      </testcase>
      <system-out><![CDATA[2019-05-23 17:21:49 - [TEST_SUITE][PASSED] - test suite passant non passant inscription: Test Cases/demowebshop test passant inscription]]></system-out>
      <system-err><![CDATA[]]></system-err>
   </testsuite>
</testsuites>
